{"_type": "litf_start", "litf_version": "0.0.1"}
{"_type": "session_start", "test_number": 32}
{"_type": "test_result", "file": "test_class.py", "line": 8, "test_name": "TestClassPassing.test_passing", "duration": 0.002203226089477539, "durations": {"setup": 0.0010464191436767578, "call": 0.0005755424499511719, "teardown": 0.0005812644958496094}, "outcome": "passed", "id": "test_class.py::TestClassPassing::test_passing", "stdout": "", "stderr": "", "error": {"humanrepr": ""}, "logs": "", "skipped_messages": {}}
{"_type": "test_result", "file": "test_class.py", "line": 19, "test_name": "TestClassFailing.test_failing", "duration": 0.003160715103149414, "durations": {"setup": 0.001451253890991211, "call": 0.0013434886932373047, "teardown": 0.00036597251892089844}, "outcome": "failed", "id": "test_class.py::TestClassFailing::test_failing", "stdout": "", "stderr": "", "error": {"humanrepr": "self = <test_class.TestClassFailing object at 0x7ff7abbcfb90>\n\n    def test_failing(self):\n>       assert False\nE       assert False\n\ntest_class.py:20: AssertionError"}, "logs": "", "skipped_messages": {}}
{"_type": "test_result", "file": "test_class.py", "line": 30, "test_name": "TestClassError.test_error", "duration": 0.0010402202606201172, "durations": {"setup": 0.0004775524139404297, "call": 0.00026607513427734375, "teardown": 0.00029659271240234375}, "outcome": "failed", "id": "test_class.py::TestClassError::test_error", "stdout": "", "stderr": "", "error": {"humanrepr": "self = <test_class.TestClassError object at 0x7ff7abd25e50>\n\n    def test_error(self):\n>       1 / 0\nE       ZeroDivisionError: division by zero\n\ntest_class.py:31: ZeroDivisionError"}, "logs": "", "skipped_messages": {}}
{"_type": "test_result", "file": "test_class.py", "line": 41, "test_name": "TestClassFailingAndErrorTeardown.test_error", "duration": 0.0009558200836181641, "durations": {"setup": 0.00041484832763671875, "call": 0.0002655982971191406, "teardown": 0.0002753734588623047}, "outcome": "failed", "id": "test_class.py::TestClassFailingAndErrorTeardown::test_error", "stdout": "", "stderr": "", "error": {"humanrepr": "self = <test_class.TestClassFailingAndErrorTeardown object at 0x7ff7abd07610>\n\n    def test_error(self):\n>       assert False\nE       assert False\n\ntest_class.py:42: AssertionError"}, "logs": "", "skipped_messages": {}}
{"_type": "test_result", "file": "test_class.py", "line": 52, "test_name": "TestClassErrorSetup.test_passing", "duration": 0.0006654262542724609, "durations": {"setup": 0.00040984153747558594, "teardown": 0.000255584716796875}, "outcome": "failed", "id": "test_class.py::TestClassErrorSetup::test_passing", "stdout": "", "stderr": "", "error": {"humanrepr": "self = <test_class.TestClassErrorSetup object at 0x7ff7abbcfd90>\nmethod = <bound method TestClassErrorSetup.test_passing of <test_class.TestClassErrorSetup object at 0x7ff7abbcfd90>>\n\n    def setup_method(self, method):\n>       1 / 0\nE       ZeroDivisionError: division by zero\n\ntest_class.py:47: ZeroDivisionError"}, "logs": "", "skipped_messages": {}}
{"_type": "test_result", "file": "test_class.py", "line": 63, "test_name": "TestClassErrorSetupAndTeardown.test_passing", "duration": 0.0007207393646240234, "durations": {"setup": 0.0004138946533203125, "teardown": 0.00030684471130371094}, "outcome": "failed", "id": "test_class.py::TestClassErrorSetupAndTeardown::test_passing", "stdout": "", "stderr": "", "error": {"humanrepr": "self = <test_class.TestClassErrorSetupAndTeardown object at 0x7ff7abb92ed0>\nmethod = <bound method TestClassErrorSetupAndTeardown.test_passing of <test_class.TestClassErrorSetupAndTeardown object at 0x7ff7abb92ed0>>\n\n    def setup_method(self, method):\n>       1 / 0\nE       ZeroDivisionError: division by zero\n\ntest_class.py:58: ZeroDivisionError"}, "logs": "", "skipped_messages": {}}
{"_type": "test_result", "file": "test_class.py", "line": 74, "test_name": "TestClassErrorTeardown.test_passing", "duration": 0.0010759830474853516, "durations": {"setup": 0.0005757808685302734, "call": 0.00023126602172851562, "teardown": 0.0002689361572265625}, "outcome": "failed", "id": "test_class.py::TestClassErrorTeardown::test_passing", "stdout": "", "stderr": "", "error": {"humanrepr": "self = <test_class.TestClassErrorTeardown object at 0x7ff7abba3610>\nmethod = <bound method TestClassErrorTeardown.test_passing of <test_class.TestClassErrorTeardown object at 0x7ff7abba3610>>\n\n    def teardown_method(self, method):\n>       1 / 0\nE       ZeroDivisionError: division by zero\n\ntest_class.py:72: ZeroDivisionError"}, "logs": "", "skipped_messages": {}}
{"_type": "test_result", "file": "test_func.py", "line": 4, "test_name": "test_success", "duration": 0.0008585453033447266, "durations": {"setup": 0.00034236907958984375, "call": 0.00021338462829589844, "teardown": 0.0003027915954589844}, "outcome": "passed", "id": "test_func.py::test_success", "stdout": "", "stderr": "", "error": {"humanrepr": ""}, "logs": "", "skipped_messages": {}}
{"_type": "test_result", "file": "test_func.py", "line": 8, "test_name": "test_fails", "duration": 0.0009360313415527344, "durations": {"setup": 0.00038933753967285156, "call": 0.00028777122497558594, "teardown": 0.0002589225769042969}, "outcome": "failed", "id": "test_func.py::test_fails", "stdout": "", "stderr": "", "error": {"humanrepr": "def test_fails():\n>       assert False\nE       assert False\n\ntest_func.py:9: AssertionError"}, "logs": "", "skipped_messages": {}}
{"_type": "test_result", "file": "test_func.py", "line": 12, "test_name": "test_fixtures[0]", "duration": 0.0008871555328369141, "durations": {"setup": 0.0004031658172607422, "call": 0.0002384185791015625, "teardown": 0.0002455711364746094}, "outcome": "passed", "id": "test_func.py::test_fixtures[0]", "stdout": "", "stderr": "", "error": {"humanrepr": ""}, "logs": "", "skipped_messages": {}}
{"_type": "test_result", "file": "test_func.py", "line": 12, "test_name": "test_fixtures[1]", "duration": 0.0014100074768066406, "durations": {"setup": 0.00043511390686035156, "call": 0.0006580352783203125, "teardown": 0.00031685829162597656}, "outcome": "failed", "id": "test_func.py::test_fixtures[1]", "stdout": "", "stderr": "", "error": {"humanrepr": "number = 1\n\n    @pytest.mark.parametrize(\"number\", list(range(3)))\n    def test_fixtures(number):\n>       assert number % 2 == 0\nE       assert 1 == 0\nE         -1\nE         +0\n\ntest_func.py:14: AssertionError"}, "logs": "", "skipped_messages": {}}
{"_type": "test_result", "file": "test_func.py", "line": 12, "test_name": "test_fixtures[2]", "duration": 0.0009429454803466797, "durations": {"setup": 0.00041484832763671875, "call": 0.0002338886260986328, "teardown": 0.0002942085266113281}, "outcome": "passed", "id": "test_func.py::test_fixtures[2]", "stdout": "", "stderr": "", "error": {"humanrepr": ""}, "logs": "", "skipped_messages": {}}
{"_type": "test_result", "file": "test_func.py", "line": 17, "test_name": "test_error", "duration": 0.0011224746704101562, "durations": {"setup": 0.00039386749267578125, "call": 0.0004506111145019531, "teardown": 0.0002779960632324219}, "outcome": "failed", "id": "test_func.py::test_error", "stdout": "", "stderr": "", "error": {"humanrepr": "def test_error():\n>       1 / 0\nE       ZeroDivisionError: division by zero\n\ntest_func.py:18: ZeroDivisionError"}, "logs": "", "skipped_messages": {}}
{"_type": "test_result", "file": "test_module_setup_teardown.py", "line": 9, "test_name": "test_passing", "duration": 0.0010371208190917969, "durations": {"setup": 0.00048613548278808594, "call": 0.0002949237823486328, "teardown": 0.0002560615539550781}, "outcome": "passed", "id": "test_module_setup_teardown.py::test_passing", "stdout": "", "stderr": "", "error": {"humanrepr": ""}, "logs": "", "skipped_messages": {}}
{"_type": "test_result", "file": "test_module_setup_teardown.py", "line": 13, "test_name": "test_failing", "duration": 0.008466958999633789, "durations": {"setup": 0.0005462169647216797, "call": 0.0005831718444824219, "teardown": 0.0073375701904296875}, "outcome": "failed", "id": "test_module_setup_teardown.py::test_failing", "stdout": "", "stderr": "", "error": {"humanrepr": "def test_failing():\n>       assert False\nE       assert False\n\ntest_module_setup_teardown.py:14: AssertionError"}, "logs": "", "skipped_messages": {}}
{"_type": "test_result", "file": "test_module_setup_teardown.py", "line": 24, "test_name": "TestClassPassing.test_passing", "duration": 0.0013878345489501953, "durations": {"setup": 0.0006432533264160156, "call": 0.0003285408020019531, "teardown": 0.00041604042053222656}, "outcome": "passed", "id": "test_module_setup_teardown.py::TestClassPassing::test_passing", "stdout": "", "stderr": "", "error": {"humanrepr": ""}, "logs": "", "skipped_messages": {}}
{"_type": "test_result", "file": "test_module_setup_teardown.py", "line": 35, "test_name": "TestClassFailing.test_failing", "duration": 0.0019621849060058594, "durations": {"setup": 0.0007073879241943359, "call": 0.0004887580871582031, "teardown": 0.0007660388946533203}, "outcome": "failed", "id": "test_module_setup_teardown.py::TestClassFailing::test_failing", "stdout": "TD M\nTD MO\n", "stderr": "", "error": {"humanrepr": "self = <test_module_setup_teardown.TestClassFailing object at 0x7ff7abb9d110>\n\n    def test_failing(self):\n>       assert False\nE       assert False\n\ntest_module_setup_teardown.py:36: AssertionError"}, "logs": "", "skipped_messages": {}}
{"_type": "test_result", "file": "test_skip.py", "line": 4, "test_name": "test_skip_function", "duration": 0.0006117820739746094, "durations": {"setup": 0.00031065940856933594, "teardown": 0.00030112266540527344}, "outcome": "skipped", "id": "test_skip.py::test_skip_function", "stdout": "", "stderr": "", "error": {"humanrepr": ""}, "logs": "", "skipped_messages": {"setup": "Skipped: Skip"}}
{"_type": "test_result", "file": "test_skip.py", "line": 10, "test_name": "TestSkipCall.test_skip_method", "duration": 0.0005919933319091797, "durations": {"setup": 0.00030231475830078125, "teardown": 0.00028967857360839844}, "outcome": "skipped", "id": "test_skip.py::TestSkipCall::test_skip_method", "stdout": "", "stderr": "", "error": {"humanrepr": ""}, "logs": "", "skipped_messages": {"setup": "Skipped: Skip"}}
{"_type": "test_result", "file": "test_skip.py", "line": 17, "test_name": "TestSkipClass.test_skipped_1", "duration": 0.0005857944488525391, "durations": {"setup": 0.0002961158752441406, "teardown": 0.00028967857360839844}, "outcome": "skipped", "id": "test_skip.py::TestSkipClass::test_skipped_1", "stdout": "", "stderr": "", "error": {"humanrepr": ""}, "logs": "", "skipped_messages": {"setup": "Skipped: Skip"}}
{"_type": "test_result", "file": "test_skip.py", "line": 20, "test_name": "TestSkipClass.test_skipped_2", "duration": 0.0006818771362304688, "durations": {"setup": 0.0003676414489746094, "teardown": 0.0003142356872558594}, "outcome": "skipped", "id": "test_skip.py::TestSkipClass::test_skipped_2", "stdout": "", "stderr": "", "error": {"humanrepr": ""}, "logs": "", "skipped_messages": {"setup": "Skipped: Skip"}}
{"_type": "test_result", "file": "test_slow.py", "line": 4, "test_name": "test_slow_passing", "duration": 2.003568172454834, "durations": {"setup": 0.0003800392150878906, "call": 2.002422571182251, "teardown": 0.0007655620574951172}, "outcome": "passed", "id": "test_slow.py::test_slow_passing", "stdout": "", "stderr": "", "error": {"humanrepr": ""}, "logs": "", "skipped_messages": {}}
{"_type": "test_result", "file": "test_std.py", "line": 4, "test_name": "test_stdout", "duration": 0.0023345947265625, "durations": {"setup": 0.0010633468627929688, "call": 0.0006201267242431641, "teardown": 0.0006511211395263672}, "outcome": "passed", "id": "test_std.py::test_stdout", "stdout": "STDOUT\n", "stderr": "", "error": {"humanrepr": ""}, "logs": "", "skipped_messages": {}}
{"_type": "test_result", "file": "test_std.py", "line": 8, "test_name": "test_stderr", "duration": 0.002042531967163086, "durations": {"setup": 0.0007975101470947266, "call": 0.0007176399230957031, "teardown": 0.0005273818969726562}, "outcome": "passed", "id": "test_std.py::test_stderr", "stdout": "", "stderr": "STDERR\n", "error": {"humanrepr": ""}, "logs": "", "skipped_messages": {}}
{"_type": "test_result", "file": "test_std.py", "line": 19, "test_name": "TestClassStdout.test_stdout", "duration": 0.0026955604553222656, "durations": {"setup": 0.0012454986572265625, "call": 0.0007848739624023438, "teardown": 0.0006651878356933594}, "outcome": "passed", "id": "test_std.py::TestClassStdout::test_stdout", "stdout": "STDOUT\n", "stderr": "", "error": {"humanrepr": ""}, "logs": "", "skipped_messages": {}}
{"_type": "test_result", "file": "test_std.py", "line": 30, "test_name": "TestClassStdoutSetup.test_stdout", "duration": 0.00322723388671875, "durations": {"setup": 0.0013442039489746094, "call": 0.0005171298980712891, "teardown": 0.0013659000396728516}, "outcome": "passed", "id": "test_std.py::TestClassStdoutSetup::test_stdout", "stdout": "SETUP\n", "stderr": "", "error": {"humanrepr": ""}, "logs": "", "skipped_messages": {}}
{"_type": "test_result", "file": "test_std.py", "line": 41, "test_name": "TestClassStdoutAllPhases.test_stdout", "duration": 0.003070831298828125, "durations": {"setup": 0.0014882087707519531, "call": 0.0007653236389160156, "teardown": 0.0008172988891601562}, "outcome": "passed", "id": "test_std.py::TestClassStdoutAllPhases::test_stdout", "stdout": "SETUP\nTEST\nTEARDOWN\n", "stderr": "", "error": {"humanrepr": ""}, "logs": "", "skipped_messages": {}}
{"_type": "test_result", "file": "test_std.py", "line": 52, "test_name": "TestClassFailing.test_stderr", "duration": 0.0027632713317871094, "durations": {"setup": 0.0011730194091796875, "call": 0.0006170272827148438, "teardown": 0.0009732246398925781}, "outcome": "passed", "id": "test_std.py::TestClassFailing::test_stderr", "stdout": "", "stderr": "STDERR\n", "error": {"humanrepr": ""}, "logs": "", "skipped_messages": {}}
{"_type": "test_result", "file": "test_unittest.py", "line": 8, "test_name": "TestStringMethods.test_isupper", "duration": 0.0023245811462402344, "durations": {"setup": 0.0011212825775146484, "call": 0.0006551742553710938, "teardown": 0.0005481243133544922}, "outcome": "failed", "id": "test_unittest.py::TestStringMethods::test_isupper", "stdout": "", "stderr": "", "error": {"humanrepr": "self = <test_unittest.TestStringMethods testMethod=test_isupper>\n\n    def test_isupper(self):\n        self.assertTrue(\"FOO\".isupper())\n>       self.assertTrue(\"Foo\".isupper())\nE       AssertionError: False is not true\n\ntest_unittest.py:10: AssertionError"}, "logs": "", "skipped_messages": {}}
{"_type": "test_result", "file": "test_unittest.py", "line": 5, "test_name": "TestStringMethods.test_upper", "duration": 0.0019598007202148438, "durations": {"setup": 0.0007655620574951172, "call": 0.0005414485931396484, "teardown": 0.0006527900695800781}, "outcome": "passed", "id": "test_unittest.py::TestStringMethods::test_upper", "stdout": "", "stderr": "", "error": {"humanrepr": ""}, "logs": "", "skipped_messages": {}}
{"_type": "test_result", "file": "directory/test_file_2.py", "line": 4, "test_name": "test_success", "duration": 0.0038526058197021484, "durations": {"setup": 0.00186920166015625, "call": 0.001004934310913086, "teardown": 0.0009784698486328125}, "outcome": "passed", "id": "directory/test_file_2.py::test_success", "stdout": "", "stderr": "", "error": {"humanrepr": ""}, "logs": "", "skipped_messages": {}}
{"_type": "test_result", "file": "directory/test_func.py", "line": 4, "test_name": "test_success", "duration": 0.0022826194763183594, "durations": {"setup": 0.0008776187896728516, "call": 0.0008213520050048828, "teardown": 0.000583648681640625}, "outcome": "passed", "id": "directory/test_func.py::test_success", "stdout": "", "stderr": "", "error": {"humanrepr": ""}, "logs": "", "skipped_messages": {}}

{"_type": "session_end", "total_duration": 2.4163944721221924, "passed": 17, "failed": 9, "error": 4, "skipped": 4}
